[debug] [2023-08-31T22:46:32.749Z] ----------------------------------------------------------------------
[debug] [2023-08-31T22:46:32.751Z] Command:       C:\Program Files\nodejs\node.exe C:\Users\edwar\AppData\Roaming\npm\node_modules\firebase-tools\lib\bin\firebase.js init
[debug] [2023-08-31T22:46:32.752Z] CLI Version:   12.5.2
[debug] [2023-08-31T22:46:32.752Z] Platform:      win32
[debug] [2023-08-31T22:46:32.753Z] Node Version:  v16.14.0
[debug] [2023-08-31T22:46:32.754Z] Time:          Thu Aug 31 2023 23:46:32 GMT+0100 (West Africa Standard Time)
[debug] [2023-08-31T22:46:32.754Z] ----------------------------------------------------------------------
[debug] 
[debug] [2023-08-31T22:46:32.848Z] > command requires scopes: ["email","openid","https://www.googleapis.com/auth/cloudplatformprojects.readonly","https://www.googleapis.com/auth/firebase","https://www.googleapis.com/auth/cloud-platform"]
[debug] [2023-08-31T22:46:32.849Z] > authorizing via signed-in user (anassbenayed1996@gmail.com)
[info] 
     ######## #### ########  ######## ########     ###     ######  ########
     ##        ##  ##     ## ##       ##     ##  ##   ##  ##       ##
     ######    ##  ########  ######   ########  #########  ######  ######
     ##        ##  ##    ##  ##       ##     ## ##     ##       ## ##
     ##       #### ##     ## ######## ########  ##     ##  ######  ########

You're about to initialize a Firebase project in this directory:

  C:\Users\edwar\OneDrive\Desktop\chatie-app

Before we get started, keep in mind:

  * You are initializing within an existing Firebase project directory

